INFO:root:Error for ALKSV: HTTP Error 404: 
INFO:root:Error for ALORU: HTTP Error 404: 
INFO:root:Error for ALORW: HTTP Error 404: 
INFO:root:Error for ALTIW: HTTP Error 404: 
INFO:root:Error for AMAOW: HTTP Error 404: 
INFO:root:Error for APMIU: HTTP Error 404: 
INFO:root:Error for ARBGU: HTTP Error 404: 
INFO:root:Error for ARCKW: HTTP Error 404: 
INFO:root:Error for ARGUW: HTTP Error 404: 
INFO:root:Error for ARTEU: HTTP Error 404: 
INFO:root:Error for ATNFW: Failed to perform, curl: (28) Operation timed out after 181685 milliseconds with 0 bytes received. See https://curl.se/libcurl/c/libcurl-errors.html first for more details.
INFO:root:Error for AVACU: HTTP Error 404: 
INFO:root:Error for BGRYW: HTTP Error 404: 
INFO:root:Error for BIOSU: HTTP Error 404: 
INFO:root:Error for BMAQU: HTTP Error 404: 
INFO:root:Error for BRLIR: HTTP Error 404: 
INFO:root:Error for BRLIU: HTTP Error 404: 
INFO:root:Error for BRLIW: HTTP Error 404: 
INFO:root:Error for BTMDW: HTTP Error 404: 
INFO:root:Error for BWCAU: HTTP Error 404: 
INFO:root:Error for CCAIU: HTTP Error 404: 
INFO:root:Error for CFB: HTTP Error 404: 
INFO:root:Error for CIIGU: HTTP Error 404: 
INFO:root:Error for CNFRL: HTTP Error 404: 
INFO:root:Error for CPAAU: HTTP Error 404: 
INFO:root:Error for CPAAW: HTTP Error 404: 
INFO:root:Error for DISTU: HTTP Error 404: 
INFO:root:Error for EMBKW: HTTP Error 404: 
INFO:root:Error for FGL: Failed to perform, curl: (28) Operation timed out after 341491 milliseconds with 0 bytes received. See https://curl.se/libcurl/c/libcurl-errors.html first for more details.
INFO:root:Error for FLDD: HTTP Error 404: 
INFO:root:Error for FRBNU: HTTP Error 404: 
INFO:root:Error for FRBNW: HTTP Error 404: 
INFO:root:Error for FTPAW: HTTP Error 404: 
INFO:root:Error for GENQU: HTTP Error 404: 
INFO:root:Error for GIWWW: HTTP Error 404: 
INFO:root:Error for GRNAW: HTTP Error 404: 
INFO:root:Error for GSRMW: HTTP Error 404: 
INFO:root:Error for HMACR: HTTP Error 404: 
INFO:root:Error for HMACU: HTTP Error 404: 
INFO:root:Error for HMACW: HTTP Error 404: 
INFO:root:Error for HPLTU: HTTP Error 404: 
INFO:root:Error for HPLTW: HTTP Error 404: 
INFO:root:Error for HTBI: HTTP Error 404: 
INFO:root:Error for IMACW: HTTP Error 404: 
INFO:root:Error for IQMDW: HTTP Error 404: 
INFO:root:Error for JUGGW: HTTP Error 404: 
INFO:root:Error for LFACW: HTTP Error 404: 
INFO:root:Error for LGVNV: HTTP Error 404: 
INFO:root:Error for LUCYW: HTTP Error 500: 
INFO:root:Error for LVACW: HTTP Error 404: 
INFO:root:Error for MGTA: HTTP Error 404: 
INFO:root:Error for MPRAU: HTTP Error 404: 
INFO:root:Error for MPRAW: HTTP Error 404: 
INFO:root:Error for MURFW: HTTP Error 404: 
INFO:root:Error for NGIO: HTTP Error 404: 
INFO:root:Error for OTMOW: HTTP Error 404: 
INFO:root:Error for PCCTU: HTTP Error 404: 
INFO:root:Error for PFTAW: HTTP Error 500: 
INFO:root:Error for PTHRW: HTTP Error 404: 
INFO:root:Error for RCLFU: HTTP Error 404: 
INFO:root:Error for RHLDV: HTTP Error 404: 
INFO:root:Error for RNERU: HTTP Error 404: 
INFO:root:Error for ROCAU: HTTP Error 404: 
INFO:root:Error for SAMAU: HTTP Error 404: 
INFO:root:Error for SCMAU: HTTP Error 404: 
INFO:root:Error for SCMAW: HTTP Error 404: 
INFO:root:Error for SDACU: HTTP Error 404: 
INFO:root:Error for SLVRU: HTTP Error 404: 
INFO:root:Error for SNDKV: HTTP Error 404: 
INFO:root:Error for SOLOW: HTTP Error 404: 
INFO:root:Error for TANNI: HTTP Error 404: 
INFO:root:Error for TANNL: HTTP Error 404: 
INFO:root:Error for TANNZ: HTTP Error 404: 
INFO:root:Error for TBSAW: HTTP Error 404: 
INFO:root:Error for THCHW: HTTP Error 404: 
INFO:root:Error for TWCBU: HTTP Error 404: 
INFO:root:Error for TWCBW: HTTP Error 404: 
INFO:root:Error for UTAAU: HTTP Error 404: 
INFO:root:Error for VCXAW: HTTP Error 404: 
INFO:root:Error for VMGAW: HTTP Error 404: 
INFO:root:Error for VRMMQ: HTTP Error 404: 
INFO:root:Error for WDCVV: HTTP Error 404: 
INFO:root:Error for XPVVV: HTTP Error 404: 
INFO:root:Error for ZBZZT: HTTP Error 404: 
INFO:root:Error for ZCZZT: HTTP Error 404: 
INFO:root:Error for ZINGU: HTTP Error 404: 
INFO:root:Error for ALKSV: HTTP Error 404: 
INFO:root:Error for ALORU: HTTP Error 404: 
INFO:root:Error for ALORW: HTTP Error 404: 
INFO:root:Error for ALTIW: HTTP Error 404: 
INFO:root:Error for AMAOW: HTTP Error 404: 
INFO:root:Error for APMIU: HTTP Error 404: 
INFO:root:Error for ARBGU: HTTP Error 404: 
INFO:root:Error for ARCKW: HTTP Error 404: 
INFO:root:Error for ARGUW: HTTP Error 404: 
INFO:root:Error for ARTEU: HTTP Error 404: 
INFO:root:Error for AVACU: HTTP Error 404: 
INFO:root:Error for BGRYW: HTTP Error 404: 
INFO:root:Error for BIOSU: HTTP Error 404: 
INFO:root:Error for BMAQU: HTTP Error 404: 
INFO:root:Error for BRLIR: HTTP Error 404: 
INFO:root:Error for BRLIU: HTTP Error 404: 
INFO:root:Error for BRLIW: HTTP Error 404: 
INFO:root:Error for BTMDW: HTTP Error 404: 
INFO:root:Error for BWCAU: HTTP Error 404: 
INFO:root:Error for CCAIU: HTTP Error 404: 
INFO:root:Error for CFB: HTTP Error 404: 
INFO:root:Error for CIIGU: HTTP Error 404: 
INFO:root:Error for CNFRL: HTTP Error 404: 
INFO:root:Error for CPAAU: HTTP Error 404: 
INFO:root:Error for CPAAW: HTTP Error 404: 
INFO:root:Error for CTCXW: HTTP Error 404: 
INFO:root:Error for DISTU: HTTP Error 404: 
INFO:root:Error for EMBKW: HTTP Error 404: 
INFO:root:Error for FLDD: HTTP Error 404: 
INFO:root:Error for FRBNU: HTTP Error 404: 
INFO:root:Error for FRBNW: HTTP Error 404: 
INFO:root:Error for FTPAW: HTTP Error 404: 
INFO:root:Error for GENQU: HTTP Error 404: 
INFO:root:Error for GIWWW: HTTP Error 404: 
INFO:root:Error for GRNAW: HTTP Error 404: 
INFO:root:Error for GSRMW: HTTP Error 404: 
INFO:root:Error for HMACR: HTTP Error 404: 
INFO:root:Error for HMACU: HTTP Error 404: 
INFO:root:Error for HMACW: HTTP Error 404: 
INFO:root:Error for HPLTU: HTTP Error 404: 
INFO:root:Error for HPLTW: HTTP Error 404: 
INFO:root:Error for HTBI: HTTP Error 404: 
INFO:root:Error for IMACW: HTTP Error 404: 
INFO:root:Error for IQMDW: HTTP Error 404: 
INFO:root:Error for JUGGW: HTTP Error 404: 
INFO:root:Error for LFACW: HTTP Error 404: 
INFO:root:Error for LGVNV: HTTP Error 404: 
INFO:root:Error for LUCYW: HTTP Error 500: 
INFO:root:Error for LVACW: HTTP Error 404: 
INFO:root:Error for MGTA: HTTP Error 404: 
INFO:root:Error for MPRAU: HTTP Error 404: 
INFO:root:Error for MPRAW: HTTP Error 404: 
INFO:root:Error for MURFW: HTTP Error 404: 
INFO:root:Error for NGIO: HTTP Error 404: 
INFO:root:Error for OTMOW: HTTP Error 404: 
INFO:root:Error for PCCTU: HTTP Error 404: 
INFO:root:Error for PFTAW: HTTP Error 500: 
INFO:root:Error for PTHRW: HTTP Error 404: 
INFO:root:Error for RCLFU: HTTP Error 404: 
INFO:root:Error for RHLDV: HTTP Error 404: 
INFO:root:Error for RNERU: HTTP Error 404: 
INFO:root:Error for ROCAU: HTTP Error 404: 
INFO:root:Error for SAMAU: HTTP Error 404: 
INFO:root:Error for SCMAU: HTTP Error 404: 
INFO:root:Error for SCMAW: HTTP Error 404: 
INFO:root:Error for SDACU: HTTP Error 404: 
INFO:root:Error for SLVRU: HTTP Error 404: 
INFO:root:Error for SNDKV: HTTP Error 404: 
INFO:root:Error for SOLOW: HTTP Error 404: 
INFO:root:Error for SPHAR: HTTP Error 404: 
INFO:root:Error for TANNI: HTTP Error 404: 
INFO:root:Error for TANNL: HTTP Error 404: 
INFO:root:Error for TANNZ: HTTP Error 404: 
INFO:root:Error for TBSAW: HTTP Error 404: 
INFO:root:Error for THCHW: HTTP Error 404: 
INFO:root:Error for TWCBU: HTTP Error 404: 
INFO:root:Error for TWCBW: HTTP Error 404: 
INFO:root:Error for UTAAU: HTTP Error 404: 
INFO:root:Error for VCXAW: HTTP Error 404: 
INFO:root:Error for VMGAW: HTTP Error 404: 
INFO:root:Error for VRMMQ: HTTP Error 404: 
INFO:root:Error for WDCVV: HTTP Error 404: 
INFO:root:Error for XPVVV: HTTP Error 404: 
INFO:root:Error for ZBZZT: HTTP Error 404: 
INFO:root:Error for ZCZZT: HTTP Error 404: 
INFO:root:Error for ZINGU: HTTP Error 404: 
INFO:root:Error for ALKSV: HTTP Error 404: 
INFO:root:Error for ALORU: HTTP Error 404: 
INFO:root:Error for ALORW: HTTP Error 404: 
INFO:root:Error for ALTIW: HTTP Error 404: 
INFO:root:Error for AMAOW: HTTP Error 404: 
INFO:root:Error for APMIU: HTTP Error 404: 
INFO:root:Error for ARBGU: HTTP Error 404: 
INFO:root:Error for ARCKW: HTTP Error 404: 
INFO:root:Error for ARGUW: HTTP Error 404: 
INFO:root:Error for ARTEU: HTTP Error 404: 
INFO:root:Error for AVACU: HTTP Error 404: 
INFO:root:Error for BGRYW: HTTP Error 404: 
INFO:root:Error for BIOSU: HTTP Error 404: 
INFO:root:Error for BMAQU: HTTP Error 404: 
INFO:root:Error for BRLIR: HTTP Error 404: 
INFO:root:Error for BRLIU: HTTP Error 404: 
INFO:root:Error for BRLIW: HTTP Error 404: 
INFO:root:Error for BTMDW: HTTP Error 404: 
INFO:root:Error for BWCAU: HTTP Error 404: 
INFO:root:Error for CCAIU: HTTP Error 404: 
INFO:root:Error for CFB: HTTP Error 404: 
INFO:root:Error for CHMG: Failed to perform, curl: (28) Operation timed out after 25897105 milliseconds with 0 bytes received. See https://curl.se/libcurl/c/libcurl-errors.html first for more details.
INFO:root:Error for CHNR: Failed to perform, curl: (16) . See https://curl.se/libcurl/c/libcurl-errors.html first for more details.
INFO:root:Error for CHPS: Failed to perform, curl: (56) Failure writing output to destination, passed 13 returned 0. See https://curl.se/libcurl/c/libcurl-errors.html first for more details.
INFO:root:Error for CHR: Failed to perform, curl: (16) . See https://curl.se/libcurl/c/libcurl-errors.html first for more details.
INFO:root:Error for CIIGU: HTTP Error 404: 
INFO:root:Error for CNFRL: HTTP Error 404: 
INFO:root:Error for CPAAU: HTTP Error 404: 
INFO:root:Error for CPAAW: HTTP Error 404: 
INFO:root:Error for CTCXW: HTTP Error 404: 
INFO:root:Error for DISTU: HTTP Error 404: 
INFO:root:Error for EMBKW: HTTP Error 404: 
INFO:root:Error for FLDD: HTTP Error 404: 
INFO:root:Error for FRBNU: HTTP Error 404: 
INFO:root:Error for FRBNW: HTTP Error 404: 
INFO:root:Error for FTPAW: HTTP Error 404: 
INFO:root:Error for GENQU: HTTP Error 404: 
INFO:root:Error for GIWWW: HTTP Error 404: 
INFO:root:Error for GRNAW: HTTP Error 404: 
INFO:root:Error for GSRMW: HTTP Error 404: 
INFO:root:Error for HMACR: HTTP Error 404: 
INFO:root:Error for HMACU: HTTP Error 404: 
INFO:root:Error for HMACW: HTTP Error 404: 
INFO:root:Error for HPLTU: HTTP Error 404: 
INFO:root:Error for HPLTW: HTTP Error 404: 
INFO:root:Error for HTBI: HTTP Error 404: 
INFO:root:Error for IMACW: HTTP Error 404: 
INFO:root:Error for IQMDW: HTTP Error 404: 
INFO:root:Error for JUGGW: HTTP Error 404: 
INFO:root:Error for LFACW: HTTP Error 404: 
INFO:root:Error for LGVNV: HTTP Error 404: 
INFO:root:Error for LUCYW: HTTP Error 500: 
INFO:root:Error for LVACW: HTTP Error 404: 
INFO:root:Error for MGTA: HTTP Error 404: 
INFO:root:Error for MPRAU: HTTP Error 404: 
INFO:root:Error for MPRAW: HTTP Error 404: 
INFO:root:Error for MURFW: HTTP Error 404: 
INFO:root:Error for NGIO: HTTP Error 404: 
INFO:root:Error for OTMOW: HTTP Error 404: 
INFO:root:Error for PCCTU: HTTP Error 404: 
INFO:root:Error for PFTAW: HTTP Error 500: 
INFO:root:Error for PTHRW: HTTP Error 404: 
INFO:root:Error for RCLFU: HTTP Error 404: 
INFO:root:Error for RHLDV: HTTP Error 404: 
INFO:root:Error for RNERU: HTTP Error 404: 
INFO:root:Error for ROCAU: HTTP Error 404: 
INFO:root:Error for SAMAU: HTTP Error 404: 
INFO:root:Error for SCMAU: HTTP Error 404: 
INFO:root:Error for SCMAW: HTTP Error 404: 
INFO:root:Error for SDACU: HTTP Error 404: 
INFO:root:Error for SLVRU: HTTP Error 404: 
INFO:root:Error for SNDKV: HTTP Error 404: 
INFO:root:Error for SOLOW: HTTP Error 404: 
INFO:root:Error for SPHAR: HTTP Error 404: 
INFO:root:Error for TANNI: HTTP Error 404: 
INFO:root:Error for TANNL: HTTP Error 404: 
INFO:root:Error for TANNZ: HTTP Error 404: 
INFO:root:Error for TBSAW: HTTP Error 404: 
INFO:root:Error for THCHW: HTTP Error 404: 
INFO:root:Error for TWCBU: HTTP Error 404: 
INFO:root:Error for TWCBW: HTTP Error 404: 
INFO:root:Error for UTAAU: HTTP Error 404: 
INFO:root:Error for VCXAW: HTTP Error 404: 
INFO:root:Error for VMGAW: HTTP Error 404: 
INFO:root:Error for VRMMQ: HTTP Error 404: 
INFO:root:Error for WDCVV: HTTP Error 404: 
INFO:root:Error for XPVVV: HTTP Error 404: 
INFO:root:Error for ZBZZT: HTTP Error 404: 
INFO:root:Error for ZCZZT: HTTP Error 404: 
INFO:root:Error for ZINGU: HTTP Error 404: 
ERROR:yfinance:
1 Failed download:
ERROR:yfinance:['ZION']: Timeout('Failed to perform, curl: (28) Operation timed out after 2042516 milliseconds with 0 bytes received. See https://curl.se/libcurl/c/libcurl-errors.html first for more details.')
INFO:root:Error for ALKSV: HTTP Error 404: 
INFO:root:Error for ALORU: HTTP Error 404: 
INFO:root:Error for ALORW: HTTP Error 404: 
INFO:root:Error for ALTIW: HTTP Error 404: 
INFO:root:Error for AMAOW: HTTP Error 404: 
INFO:root:Error for APMIU: HTTP Error 404: 
INFO:root:Error for ARBGU: HTTP Error 404: 
INFO:root:Error for ARCKW: HTTP Error 404: 
INFO:root:Error for ARGUW: HTTP Error 404: 
INFO:root:Error for ARTEU: HTTP Error 404: 
INFO:root:Error for AVACU: HTTP Error 404: 
INFO:root:Error for BGRYW: HTTP Error 404: 
INFO:root:Error for BIOSU: HTTP Error 404: 
INFO:root:Error for BMAQU: HTTP Error 404: 
INFO:root:Error for BRLIR: HTTP Error 404: 
INFO:root:Error for BRLIU: HTTP Error 404: 
INFO:root:Error for BRLIW: HTTP Error 404: 
INFO:root:Error for BTMDW: HTTP Error 404: 
INFO:root:Error for BWCAU: HTTP Error 404: 
INFO:root:Error for CCAIU: HTTP Error 404: 
INFO:root:Error for CFB: HTTP Error 404: 
INFO:root:Error for CIIGU: HTTP Error 404: 
INFO:root:Error for CNFRL: HTTP Error 404: 
INFO:root:Error for CPAAU: HTTP Error 404: 
INFO:root:Error for CPAAW: HTTP Error 404: 
INFO:root:Error for CTCXW: HTTP Error 404: 
INFO:root:Error for DISTU: HTTP Error 404: 
INFO:root:Error for EMBKW: HTTP Error 404: 
INFO:root:Error for FLDD: HTTP Error 404: 
INFO:root:Error for FRBNU: HTTP Error 404: 
INFO:root:Error for FRBNW: HTTP Error 404: 
INFO:root:Error for FTPAW: HTTP Error 404: 
INFO:root:Error for GENQU: HTTP Error 404: 
INFO:root:Error for GIWWW: HTTP Error 404: 
INFO:root:Error for GRNAW: HTTP Error 404: 
INFO:root:Error for GSRMW: HTTP Error 404: 
INFO:root:Error for HMACR: HTTP Error 404: 
INFO:root:Error for HMACU: HTTP Error 404: 
INFO:root:Error for HMACW: HTTP Error 404: 
INFO:root:Error for HPLTU: HTTP Error 404: 
INFO:root:Error for HPLTW: HTTP Error 404: 
INFO:root:Error for HTBI: HTTP Error 404: 
INFO:root:Error for IMACW: HTTP Error 404: 
INFO:root:Error for IQMDW: HTTP Error 404: 
INFO:root:Error for JUGGW: HTTP Error 404: 
INFO:root:Error for LFACW: HTTP Error 404: 
INFO:root:Error for LGVNV: HTTP Error 404: 
INFO:root:Error for LUCYW: HTTP Error 500: 
INFO:root:Error for LVACW: HTTP Error 404: 
INFO:root:Error for MGTA: HTTP Error 404: 
INFO:root:Error for MPRAU: HTTP Error 404: 
INFO:root:Error for MPRAW: HTTP Error 404: 
INFO:root:Error for MURFW: HTTP Error 404: 
INFO:root:Error for NGIO: HTTP Error 404: 
INFO:root:Error for OTMOW: HTTP Error 404: 
INFO:root:Error for PCCTU: HTTP Error 404: 
INFO:root:Error for PFTAW: HTTP Error 500: 
INFO:root:Error for PTHRW: HTTP Error 404: 
INFO:root:Error for RCLFU: HTTP Error 404: 
INFO:root:Error for RHLDV: HTTP Error 404: 
INFO:root:Error for RNERU: HTTP Error 404: 
INFO:root:Error for ROCAU: HTTP Error 404: 
INFO:root:Error for SAMAU: HTTP Error 404: 
INFO:root:Error for SCMAU: HTTP Error 404: 
INFO:root:Error for SCMAW: HTTP Error 404: 
INFO:root:Error for SDACU: HTTP Error 404: 
INFO:root:Error for SLVRU: HTTP Error 404: 
INFO:root:Error for SNDKV: HTTP Error 404: 
INFO:root:Error for SOLOW: HTTP Error 404: 
INFO:root:Error for SPHAR: HTTP Error 404: 
INFO:root:Error for TANNI: HTTP Error 404: 
INFO:root:Error for TANNL: HTTP Error 404: 
INFO:root:Error for TANNZ: HTTP Error 404: 
INFO:root:Error for TBSAW: HTTP Error 404: 
INFO:root:Error for THCHW: HTTP Error 404: 
INFO:root:Error for TWCBU: HTTP Error 404: 
INFO:root:Error for TWCBW: HTTP Error 404: 
INFO:root:Error for UTAAU: HTTP Error 404: 
INFO:root:Error for VCXAW: HTTP Error 404: 
INFO:root:Error for VMGAW: HTTP Error 404: 
INFO:root:Error for VRMMQ: HTTP Error 404: 
INFO:root:Error for WDCVV: HTTP Error 404: 
INFO:root:Error for XPVVV: HTTP Error 404: 
INFO:root:Error for ZBZZT: HTTP Error 404: 
INFO:root:Error for ZCZZT: HTTP Error 404: 
INFO:root:Error for ZINGU: HTTP Error 404: 
INFO:root:Error for ALKSV: HTTP Error 404: 
INFO:root:Error for ALORU: HTTP Error 404: 
INFO:root:Error for ALORW: HTTP Error 404: 
INFO:root:Error for ALTIW: HTTP Error 404: 
INFO:root:Error for AMAOW: HTTP Error 404: 
INFO:root:Error for APMIU: HTTP Error 404: 
INFO:root:Error for ARBGU: HTTP Error 404: 
INFO:root:Error for ARCKW: HTTP Error 404: 
INFO:root:Error for ARGUW: HTTP Error 404: 
INFO:root:Error for ARTEU: HTTP Error 404: 
INFO:root:Error for AVACU: HTTP Error 404: 
INFO:root:Error for BGRYW: HTTP Error 404: 
INFO:root:Error for BIOSU: HTTP Error 404: 
INFO:root:Error for BMAQU: HTTP Error 404: 
INFO:root:Error for BRLIR: HTTP Error 404: 
INFO:root:Error for BRLIU: HTTP Error 404: 
INFO:root:Error for BRLIW: HTTP Error 404: 
INFO:root:Error for BTMDW: HTTP Error 404: 
INFO:root:Error for BWCAU: HTTP Error 404: 
INFO:root:Error for CCAIU: HTTP Error 404: 
INFO:root:Error for CFB: HTTP Error 404: 
INFO:root:Error for CIIGU: HTTP Error 404: 
INFO:root:Error for CNFRL: HTTP Error 404: 
INFO:root:Error for CPAAU: HTTP Error 404: 
INFO:root:Error for CPAAW: HTTP Error 404: 
INFO:root:Error for CTCXW: HTTP Error 404: 
INFO:root:Error for DISTU: HTTP Error 404: 
INFO:root:Error for EMBKW: HTTP Error 404: 
INFO:root:Error for FLDD: HTTP Error 404: 
INFO:root:Error for FRBNU: HTTP Error 404: 
INFO:root:Error for FRBNW: HTTP Error 404: 
INFO:root:Error for FTPAW: HTTP Error 404: 
INFO:root:Error for GENQU: HTTP Error 404: 
INFO:root:Error for GIWWW: HTTP Error 404: 
INFO:root:Error for GRNAW: HTTP Error 404: 
INFO:root:Error for GSRMW: HTTP Error 404: 
INFO:root:Error for HMACR: HTTP Error 404: 
INFO:root:Error for HMACU: HTTP Error 404: 
INFO:root:Error for HMACW: HTTP Error 404: 
INFO:root:Error for HPLTU: HTTP Error 404: 
INFO:root:Error for HPLTW: HTTP Error 404: 
INFO:root:Error for HTBI: HTTP Error 404: 
INFO:root:Error for ICLK: HTTP Error 404: 
INFO:root:Error for IMACW: HTTP Error 404: 
INFO:root:Error for IPXXU: HTTP Error 404: 
INFO:root:Error for IQMDW: HTTP Error 404: 
INFO:root:Error for JUGGW: HTTP Error 404: 
INFO:root:Error for LFACW: HTTP Error 404: 
INFO:root:Error for LGVNV: HTTP Error 404: 
INFO:root:Error for LUCYW: HTTP Error 500: 
INFO:root:Error for LVACW: HTTP Error 404: 
INFO:root:Error for MGTA: HTTP Error 404: 
INFO:root:Error for MNTSW: Failed to perform, curl: (28) Operation timed out after 231087 milliseconds with 0 bytes received. See https://curl.se/libcurl/c/libcurl-errors.html first for more details.
INFO:root:Error for MPRAU: HTTP Error 404: 
INFO:root:Error for MPRAW: HTTP Error 404: 
INFO:root:Error for MURFW: HTTP Error 404: 
INFO:root:Error for NGIO: HTTP Error 404: 
INFO:root:Error for OTMOW: HTTP Error 404: 
INFO:root:Error for PCCTU: HTTP Error 404: 
INFO:root:Error for PFTAW: HTTP Error 500: 
INFO:root:Error for PTHRW: HTTP Error 404: 
INFO:root:Error for RCLFU: HTTP Error 404: 
INFO:root:Error for RHLDV: HTTP Error 404: 
INFO:root:Error for RNERU: HTTP Error 404: 
INFO:root:Error for ROCAU: HTTP Error 404: 
INFO:root:Error for SAMAU: HTTP Error 404: 
INFO:root:Error for SCMAU: HTTP Error 404: 
INFO:root:Error for SCMAW: HTTP Error 404: 
INFO:root:Error for SDACU: HTTP Error 404: 
INFO:root:Error for SLVRU: HTTP Error 404: 
INFO:root:Error for SNDKV: HTTP Error 404: 
INFO:root:Error for SOLOW: HTTP Error 404: 
INFO:root:Error for SPHA: HTTP Error 404: 
INFO:root:Error for SPHAR: HTTP Error 404: 
INFO:root:Error for TANNI: HTTP Error 404: 
INFO:root:Error for TANNL: HTTP Error 404: 
INFO:root:Error for TANNZ: HTTP Error 404: 
INFO:root:Error for TBSAW: HTTP Error 404: 
INFO:root:Error for THCHW: HTTP Error 404: 
INFO:root:Error for TWCBU: HTTP Error 404: 
INFO:root:Error for TWCBW: HTTP Error 404: 
INFO:root:Error for UTAAU: HTTP Error 404: 
INFO:root:Error for VCXAW: HTTP Error 404: 
INFO:root:Error for VMGAW: HTTP Error 404: 
INFO:root:Error for VRMMQ: HTTP Error 404: 
INFO:root:Error for WDCVV: HTTP Error 404: 
INFO:root:Error for XPVVV: HTTP Error 404: 
INFO:root:Error for ZBZZT: HTTP Error 404: 
INFO:root:Error for ZCZZT: HTTP Error 404: 
INFO:root:Error for ZINGU: HTTP Error 404: 
INFO:root:Error for ACHL: HTTP Error 404: 
INFO:root:Error for ALKSV: HTTP Error 404: 
INFO:root:Error for ALORU: HTTP Error 404: 
INFO:root:Error for ALORW: HTTP Error 404: 
INFO:root:Error for ALTIW: HTTP Error 404: 
INFO:root:Error for AMAOW: HTTP Error 404: 
INFO:root:Error for APMIU: HTTP Error 404: 
INFO:root:Error for ARBGU: HTTP Error 404: 
INFO:root:Error for ARCKW: HTTP Error 404: 
INFO:root:Error for ARGUW: HTTP Error 404: 
INFO:root:Error for ARTEU: HTTP Error 404: 
INFO:root:Error for AVACU: HTTP Error 404: 
INFO:root:Error for BGRYW: HTTP Error 404: 
INFO:root:Error for BIOSU: HTTP Error 404: 
INFO:root:Error for BMAQU: HTTP Error 404: 
INFO:root:Error for BRLIR: HTTP Error 404: 
INFO:root:Error for BRLIU: HTTP Error 404: 
INFO:root:Error for BRLIW: HTTP Error 404: 
INFO:root:Error for BTMDW: HTTP Error 404: 
INFO:root:Error for BWCAU: HTTP Error 404: 
INFO:root:Error for CCAIU: HTTP Error 404: 
INFO:root:Error for CFB: HTTP Error 404: 
INFO:root:Error for CIIGU: HTTP Error 404: 
INFO:root:Error for CNFRL: HTTP Error 404: 
INFO:root:Error for CPAAU: HTTP Error 404: 
INFO:root:Error for CPAAW: HTTP Error 404: 
INFO:root:Error for CTCXW: HTTP Error 404: 
INFO:root:Error for DCOMP: Failed to perform, curl: (56) Failure writing output to destination, passed 13 returned 0. See https://curl.se/libcurl/c/libcurl-errors.html first for more details.
INFO:root:Error for ACHL: HTTP Error 404: 
INFO:root:Error for ALKSV: HTTP Error 404: 
INFO:root:Error for ALORU: HTTP Error 404: 
INFO:root:Error for ALORW: HTTP Error 404: 
INFO:root:Error for ALTIW: HTTP Error 404: 
INFO:root:Error for AMAOW: HTTP Error 404: 
INFO:root:Error for APMIU: HTTP Error 404: 
INFO:root:Error for ARBGU: HTTP Error 404: 
INFO:root:Error for ARCKW: HTTP Error 404: 
INFO:root:Error for ARGUW: HTTP Error 404: 
INFO:root:Error for ARTEU: HTTP Error 404: 
INFO:root:Error for AVACU: HTTP Error 404: 
INFO:root:Error for BGRYW: HTTP Error 404: 
INFO:root:Error for BIOSU: HTTP Error 404: 
INFO:root:Error for BMAQU: HTTP Error 404: 
INFO:root:Error for BRLIR: HTTP Error 404: 
INFO:root:Error for BRLIU: HTTP Error 404: 
INFO:root:Error for BRLIW: HTTP Error 404: 
INFO:root:Error for BTMDW: HTTP Error 404: 
INFO:root:Error for BWCAU: HTTP Error 404: 
INFO:root:Error for CCAIU: HTTP Error 404: 
INFO:root:Error for CFB: HTTP Error 404: 
INFO:root:Error for CIIGU: HTTP Error 404: 
INFO:root:Error for CNFRL: HTTP Error 404: 
INFO:root:Error for CPAAU: HTTP Error 404: 
INFO:root:Error for CPAAW: HTTP Error 404: 
INFO:root:Error for CTCXW: HTTP Error 404: 
INFO:root:Error for DGHI: HTTP Error 404: 
INFO:root:Error for DISTU: HTTP Error 404: 
INFO:root:Error for EHLDV: HTTP Error 404: 
INFO:root:Error for EMBKW: HTTP Error 404: 
INFO:root:Error for ESEAV: HTTP Error 404: 
INFO:root:Error for FLDD: HTTP Error 404: 
INFO:root:Error for FRBNU: HTTP Error 404: 
INFO:root:Error for FRBNW: HTTP Error 404: 
INFO:root:Error for FTPAW: HTTP Error 404: 
INFO:root:Error for GENQU: HTTP Error 404: 
INFO:root:Error for GIWWW: HTTP Error 404: 
INFO:root:Error for GRNAW: HTTP Error 404: 
INFO:root:Error for GSRMW: HTTP Error 404: 
INFO:root:Error for HMACR: HTTP Error 404: 
INFO:root:Error for HMACU: HTTP Error 404: 
INFO:root:Error for HMACW: HTTP Error 404: 
INFO:root:Error for HPLTU: HTTP Error 404: 
INFO:root:Error for HPLTW: HTTP Error 404: 
INFO:root:Error for HTBI: HTTP Error 404: 
INFO:root:Error for ICLK: HTTP Error 404: 
INFO:root:Error for IMACW: HTTP Error 404: 
INFO:root:Error for IPXXU: HTTP Error 404: 
INFO:root:Error for IQMDW: HTTP Error 404: 
INFO:root:Error for JUGGW: HTTP Error 404: 
INFO:root:Error for LFACW: HTTP Error 404: 
INFO:root:Error for LGVNV: HTTP Error 404: 
INFO:root:Error for LUCYW: HTTP Error 500: 
INFO:root:Error for LVACW: HTTP Error 404: 
INFO:root:Error for MGTA: HTTP Error 404: 
INFO:root:Error for MPRAU: HTTP Error 404: 
INFO:root:Error for MPRAW: HTTP Error 404: 
INFO:root:Error for MURFW: HTTP Error 404: 
INFO:root:Error for NGIO: HTTP Error 404: 
INFO:root:Error for OTMOW: HTTP Error 404: 
INFO:root:Error for PCCTU: HTTP Error 404: 
INFO:root:Error for PFTAW: HTTP Error 500: 
INFO:root:Error for PTHRW: HTTP Error 404: 
INFO:root:Error for RCLFU: HTTP Error 404: 
INFO:root:Error for RHLDV: HTTP Error 404: 
INFO:root:Error for RNERU: HTTP Error 404: 
INFO:root:Error for ROCAU: HTTP Error 404: 
INFO:root:Error for SAMAU: HTTP Error 404: 
INFO:root:Error for SCMAU: HTTP Error 404: 
INFO:root:Error for SCMAW: HTTP Error 404: 
INFO:root:Error for SDACU: HTTP Error 404: 
INFO:root:Error for SLVRU: HTTP Error 404: 
INFO:root:Error for SNDKV: HTTP Error 404: 
INFO:root:Error for SOLOW: HTTP Error 404: 
INFO:root:Error for SPHA: HTTP Error 404: 
INFO:root:Error for SPHAR: HTTP Error 404: 
INFO:root:Error for TANNI: HTTP Error 404: 
INFO:root:Error for TANNL: HTTP Error 404: 
INFO:root:Error for TANNZ: HTTP Error 404: 
INFO:root:Error for TBSAW: HTTP Error 404: 
INFO:root:Error for THCHW: HTTP Error 404: 
INFO:root:Error for TWCBU: HTTP Error 404: 
INFO:root:Error for TWCBW: HTTP Error 404: 
INFO:root:Error for UTAAU: HTTP Error 404: 
INFO:root:Error for VCXAW: HTTP Error 404: 
INFO:root:Error for VMGAW: HTTP Error 404: 
INFO:root:Error for VRMMQ: HTTP Error 404: 
INFO:root:Error for WDCVV: HTTP Error 404: 
INFO:root:Error for XPVVV: HTTP Error 404: 
INFO:root:Error for ZBZZT: HTTP Error 404: 
INFO:root:Error for ZCZZT: HTTP Error 404: 
INFO:root:Error for ZINGU: HTTP Error 404: 
